<?xml version="1.0" encoding="UTF-8"?>
<!-- Generated by org.testng.reporters.JUnitXMLReporter -->
<testsuite ignored="0" hostname="DESKTOP-6SBLJHF" failures="0" tests="5" name="testSomethingShits" time="13.475" errors="0" timestamp="2022-08-08T12:45:17 EEST">
  <testcase classname="tests.testsSomething.TestAddingPaymentCard" name="testAddingPaymentCard" time="0.809"/>
  <testcase classname="tests.testsSomething.TestOrderPriceOnGlovo" name="testOrderPrice" time="0.871"/>
  <testcase classname="tests.testsSomething.TestSocialNetworksSection" name="socialNetworkSection" time="1.639"/>
  <testcase classname="tests.testsSomething.TestSocialNetworksSection" name="socialNetworkSection" time="1.732"/>
  <testcase classname="tests.testsSomething.TestSocialNetworksSection" name="socialNetworkSection" time="1.88"/>
</testsuite> <!-- testSomethingShits -->
