<?xml version="1.0" encoding="UTF-8"?>
<testng-results ignored="0" total="5" passed="5" failed="0" skipped="0">
  <reporter-output>
  </reporter-output>
  <suite started-at="2022-08-08T12:45:04 EEST" name="TestSuite" finished-at="2022-08-08T12:45:17 EEST" duration-ms="13475">
    <groups>
    </groups>
    <test started-at="2022-08-08T12:45:04 EEST" name="testSomethingShits" finished-at="2022-08-08T12:45:17 EEST" duration-ms="13475">
      <class name="tests.testsSomething.TestSocialNetworksSection">
        <test-method is-config="true" signature="setup()[pri:0, instance:tests.testsSomething.TestSocialNetworksSection@19593091]" started-at="2022-08-08T12:45:10 EEST" name="setup" finished-at="2022-08-08T12:45:10 EEST" duration-ms="561" status="PASS">
          <reporter-output>
          </reporter-output>
        </test-method> <!-- setup -->
        <test-method signature="socialNetworkSection(java.lang.String,java.lang.String)[pri:0, instance:tests.testsSomething.TestSocialNetworksSection@19593091]" started-at="2022-08-08T12:45:10 EEST" name="socialNetworkSection" data-provider="networkSelect" finished-at="2022-08-08T12:45:12 EEST" duration-ms="1639" status="PASS">
          <params>
            <param index="0">
              <value>
                <![CDATA[https://www.facebook.com/glovoappES]]>
              </value>
            </param>
            <param index="1">
              <value>
                <![CDATA[facebook]]>
              </value>
            </param>
          </params>
          <reporter-output>
          </reporter-output>
        </test-method> <!-- socialNetworkSection -->
        <test-method is-config="true" signature="finishSession()[pri:0, instance:tests.testsSomething.TestSocialNetworksSection@19593091]" started-at="2022-08-08T12:45:12 EEST" name="finishSession" finished-at="2022-08-08T12:45:12 EEST" duration-ms="75" status="PASS">
          <reporter-output>
          </reporter-output>
        </test-method> <!-- finishSession -->
        <test-method is-config="true" signature="setup()[pri:0, instance:tests.testsSomething.TestSocialNetworksSection@19593091]" started-at="2022-08-08T12:45:12 EEST" name="setup" finished-at="2022-08-08T12:45:13 EEST" duration-ms="563" status="PASS">
          <reporter-output>
          </reporter-output>
        </test-method> <!-- setup -->
        <test-method signature="socialNetworkSection(java.lang.String,java.lang.String)[pri:0, instance:tests.testsSomething.TestSocialNetworksSection@19593091]" started-at="2022-08-08T12:45:13 EEST" name="socialNetworkSection" data-provider="networkSelect" finished-at="2022-08-08T12:45:14 EEST" duration-ms="1732" status="PASS">
          <params>
            <param index="0">
              <value>
                <![CDATA[https://twitter.com/Glovo_ES]]>
              </value>
            </param>
            <param index="1">
              <value>
                <![CDATA[twitter]]>
              </value>
            </param>
          </params>
          <reporter-output>
          </reporter-output>
        </test-method> <!-- socialNetworkSection -->
        <test-method is-config="true" signature="finishSession()[pri:0, instance:tests.testsSomething.TestSocialNetworksSection@19593091]" started-at="2022-08-08T12:45:14 EEST" name="finishSession" finished-at="2022-08-08T12:45:15 EEST" duration-ms="164" status="PASS">
          <reporter-output>
          </reporter-output>
        </test-method> <!-- finishSession -->
        <test-method is-config="true" signature="setup()[pri:0, instance:tests.testsSomething.TestSocialNetworksSection@19593091]" started-at="2022-08-08T12:45:15 EEST" name="setup" finished-at="2022-08-08T12:45:15 EEST" duration-ms="571" status="PASS">
          <reporter-output>
          </reporter-output>
        </test-method> <!-- setup -->
        <test-method signature="socialNetworkSection(java.lang.String,java.lang.String)[pri:0, instance:tests.testsSomething.TestSocialNetworksSection@19593091]" started-at="2022-08-08T12:45:15 EEST" name="socialNetworkSection" data-provider="networkSelect" finished-at="2022-08-08T12:45:17 EEST" duration-ms="1880" status="PASS">
          <params>
            <param index="0">
              <value>
                <![CDATA[https://www.instagram.com/glovo_es/]]>
              </value>
            </param>
            <param index="1">
              <value>
                <![CDATA[instagram]]>
              </value>
            </param>
          </params>
          <reporter-output>
          </reporter-output>
        </test-method> <!-- socialNetworkSection -->
        <test-method is-config="true" signature="finishSession()[pri:0, instance:tests.testsSomething.TestSocialNetworksSection@19593091]" started-at="2022-08-08T12:45:17 EEST" name="finishSession" finished-at="2022-08-08T12:45:17 EEST" duration-ms="110" status="PASS">
          <reporter-output>
          </reporter-output>
        </test-method> <!-- finishSession -->
      </class> <!-- tests.testsSomething.TestSocialNetworksSection -->
      <class name="tests.testsSomething.TestAddingPaymentCard">
        <test-method is-config="true" signature="setup()[pri:0, instance:tests.testsSomething.TestAddingPaymentCard@5432050b]" started-at="2022-08-08T12:45:04 EEST" name="setup" finished-at="2022-08-08T12:45:07 EEST" duration-ms="3492" status="PASS">
          <reporter-output>
          </reporter-output>
        </test-method> <!-- setup -->
        <test-method signature="testAddingPaymentCard()[pri:0, instance:tests.testsSomething.TestAddingPaymentCard@5432050b]" started-at="2022-08-08T12:45:07 EEST" name="testAddingPaymentCard" finished-at="2022-08-08T12:45:08 EEST" duration-ms="809" status="PASS">
          <reporter-output>
          </reporter-output>
        </test-method> <!-- testAddingPaymentCard -->
        <test-method is-config="true" signature="finishSession()[pri:0, instance:tests.testsSomething.TestAddingPaymentCard@5432050b]" started-at="2022-08-08T12:45:08 EEST" name="finishSession" finished-at="2022-08-08T12:45:08 EEST" duration-ms="145" status="PASS">
          <reporter-output>
          </reporter-output>
        </test-method> <!-- finishSession -->
      </class> <!-- tests.testsSomething.TestAddingPaymentCard -->
      <class name="tests.testsSomething.TestOrderPriceOnGlovo">
        <test-method is-config="true" signature="setup()[pri:0, instance:tests.testsSomething.TestOrderPriceOnGlovo@69cac930]" started-at="2022-08-08T12:45:08 EEST" name="setup" finished-at="2022-08-08T12:45:09 EEST" duration-ms="548" status="PASS">
          <reporter-output>
          </reporter-output>
        </test-method> <!-- setup -->
        <test-method signature="testOrderPrice()[pri:0, instance:tests.testsSomething.TestOrderPriceOnGlovo@69cac930]" started-at="2022-08-08T12:45:09 EEST" name="testOrderPrice" finished-at="2022-08-08T12:45:10 EEST" duration-ms="871" status="PASS">
          <reporter-output>
          </reporter-output>
        </test-method> <!-- testOrderPrice -->
        <test-method is-config="true" signature="finishSession()[pri:0, instance:tests.testsSomething.TestOrderPriceOnGlovo@69cac930]" started-at="2022-08-08T12:45:10 EEST" name="finishSession" finished-at="2022-08-08T12:45:10 EEST" duration-ms="98" status="PASS">
          <reporter-output>
          </reporter-output>
        </test-method> <!-- finishSession -->
      </class> <!-- tests.testsSomething.TestOrderPriceOnGlovo -->
    </test> <!-- testSomethingShits -->
  </suite> <!-- TestSuite -->
</testng-results>
